<?xml version="1.0" encoding="UTF-8"?>
<!-- Generated by org.testng.reporters.JUnitXMLReporter -->
<testsuite ignored="2" hostname="LAPTOP-V89S2LS6" failures="0" tests="0" time="0.362" errors="0" timestamp="2025-02-17T20:03:44 MST">
  <testcase classname="Campaign.CreateCampaignTest" name="createCampaignTest" time="0.0">
    <ignored/>
  </testcase> <!-- createCampaignTest -->
  <testcase classname="Campaign.CreateCampaignTest" name="m2" time="0.0">
    <ignored/>
  </testcase> <!-- m2 -->
</testsuite>
